<?xml version="1.0" encoding="UTF-8"?>
<!-- Generated by org.testng.reporters.JUnitReportReporter -->
<testsuite hostname="duynn-laptop" name="example.NewTest" tests="1" failures="0" timestamp="19 Apr 2018 03:18:49 GMT" time="3.812" errors="0">
  <testcase name="testEasy" time="3.812" classname="example.NewTest"/>
</testsuite> <!-- example.NewTest -->
