<?xml version="1.0" encoding="UTF-8"?>
<!-- Generated by org.testng.reporters.JUnitReportReporter -->
<testsuite hostname="duynn-laptop" name="example.NewTest" tests="1" failures="0" timestamp="23 Apr 2018 08:52:55 GMT" time="4.058" errors="0">
  <testcase name="testEasy" time="4.058" classname="example.NewTest"/>
</testsuite> <!-- example.NewTest -->
