<?xml version="1.0" encoding="UTF-8"?>
<!-- Generated by org.testng.reporters.JUnitReportReporter -->
<testsuite hostname="duynn-laptop" name="example.NewTest" tests="1" failures="0" timestamp="24 Apr 2018 09:59:30 GMT" time="7.427" errors="0">
  <testcase name="testEasy" time="7.427" classname="example.NewTest"/>
</testsuite> <!-- example.NewTest -->
