<?xml version="1.0" encoding="UTF-8"?>
<!-- Generated by org.testng.reporters.JUnitReportReporter -->
<testsuite hostname="duynn-laptop" name="example.NewTest" tests="1" failures="0" timestamp="19 Apr 2018 07:18:18 GMT" time="4.311" errors="0">
  <testcase name="testEasy" time="4.311" classname="example.NewTest"/>
</testsuite> <!-- example.NewTest -->
